[Licensing::Module] Trying to connect to existing licensing client channel...
Built from '6000.4/staging' branch; Version is '6000.4.0f1 (8cf496087c8f) revision 9237654'; Using compiler version '194234433'; Build Type 'Release'
OS: 'Windows 11  (10.0.26100) Core' Language: 'fr' Physical Memory: 16168 MB
BatchMode: 1, IsHumanControllingUs: 0, StartBugReporterOnCrash: 0, Is64bit: 1
[Licensing::IpcConnector] Successfully connected to: "LicenseClient-ethan" at "2026-03-25T16:30:02.7152869Z"
System  architecture: x64
Process architecture: x64
Date: 2026-03-25T16:30:02Z

COMMAND LINE ARGUMENTS:
C:\Program Files\Unity\Hub\Editor\6000.4.0f1\Editor\Unity.exe
-adb2
-batchMode
-noUpm
-name
AssetImportWorker0
-projectPath
C:/Users/ethan/OneDrive/Bureau/algocsharp/Semaine-Challenge/Space_Clicker
-logFile
Logs/AssetImportWorker0.log
-srvPort
55702
-licensingIpc
LicenseClient-ethan
-force-d3d12
-job-worker-count
7
-background-job-worker-count
8
-gc-helper-count
1
-name
AssetImport
Successfully changed project path to: C:/Users/ethan/OneDrive/Bureau/algocsharp/Semaine-Challenge/Space_Clicker
C:/Users/ethan/OneDrive/Bureau/algocsharp/Semaine-Challenge/Space_Clicker
[UnityMemory] Configuration Parameters - Can be set up in boot.config
    "memorysetup-temp-allocator-size-gi-baking-worker=262144"
    "memorysetup-temp-allocator-size-gi-baking-worker=262144"
    "memorysetup-temp-allocator-size-gi-baking-worker=262144"
    "memorysetup-temp-allocator-size-gi-baking-worker=262144"
    "memorysetup-temp-allocator-size-gi-baking-worker=262144"
    "memorysetup-temp-allocator-size-nav-mesh-worker=65536"
    "memorysetup-temp-allocator-size-audio-worker=65536"
    "memorysetup-temp-allocator-size-cloud-worker=32768"
    "memorysetup-temp-allocator-size-gfx=262144"
    "memorysetup-temp-allocator-size-preload-manager=33554432"
    "memorysetup-temp-allocator-size-job-worker=262144"
    "memorysetup-temp-allocator-size-background-worker=32768"
    "memorysetup-allocator-temp-initial-block-size-main=262144"
    "memorysetup-allocator-temp-initial-block-size-worker=262144"
    "memorysetup-bucket-allocator-granularity=16"
    "memorysetup-bucket-allocator-bucket-count=8"
    "memorysetup-bucket-allocator-block-size=33554432"
    "memorysetup-bucket-allocator-block-count=8"
    "memorysetup-main-allocator-block-size=16777216"
    "memorysetup-thread-allocator-block-size=16777216"
    "memorysetup-gfx-main-allocator-block-size=16777216"
    "memorysetup-gfx-thread-allocator-block-size=16777216"
    "memorysetup-cache-allocator-block-size=4194304"
    "memorysetup-typetree-allocator-block-size=2097152"
    "memorysetup-profiler-bucket-allocator-granularity=16"
    "memorysetup-profiler-bucket-allocator-bucket-count=8"
    "memorysetup-profiler-bucket-allocator-block-size=33554432"
    "memorysetup-profiler-bucket-allocator-block-count=8"
    "memorysetup-profiler-allocator-block-size=16777216"
    "memorysetup-profiler-editor-allocator-block-size=1048576"
    "memorysetup-temp-allocator-size-main=16777216"
    "memorysetup-job-temp-allocator-block-size=2097152"
    "memorysetup-job-temp-allocator-block-size-background=1048576"
    "memorysetup-job-temp-allocator-reduction-small-platforms=262144"
Player connection [10484]  Target information:

Player connection [10484]  * "[IP] 192.168.1.181 [Port] 0 [Flags] 2 [Guid] 3109179212 [EditorId] 3109179212 [Version] 1048832 [Id] WindowsEditor(7,LAPTOP-OI2BT903) [Debug] 1 [PackageName] WindowsEditor [ProjectName] Editor" 

Player connection [10484] Host joined multi-casting on [225.0.0.222:54997]...
Player connection [10484] Host joined alternative multi-casting on [225.0.0.222:34997]...
JobSystem: Creating JobQueue using job-worker-count value 7
Input System module state changed to: Initialized.
[Physics::Module] Initialized fallback backend.
[Physics::Module] Id: 0xdecafbad
Library Redirect Path: Library/
[Physics::Module] Selected backend.
[Physics::Module] Name: PhysX
[Physics::Module] Id: 0xf2b8ea05
[Physics::Module] SDK Version: 4.1.2
[Physics::Module] Integration Version: 1.0.0
[Physics::Module] Threading Mode: Multi-Threaded
Refreshing native plugins compatible for Editor in 19.26 ms, found 4 plugins.
Initialize engine version: 6000.4.0f1 (8cf496087c8f)
[Subsystems] Discovering subsystems at path C:/Program Files/Unity/Hub/Editor/6000.4.0f1/Editor/Data/Resources/UnitySubsystems
[Subsystems] Discovering subsystems at path C:/Users/ethan/OneDrive/Bureau/algocsharp/Semaine-Challenge/Space_Clicker/Assets
Forcing GfxDevice: Direct3D 12
GfxDevice: creating device client; kGfxThreadingModeNonThreaded
d3d12: failed to query info queue interface (0x80004002).
Direct3D:
    Version:         Direct3D 12 [level 12.2]
    Renderer:        NVIDIA GeForce RTX 2070 (ID=0x1f14)
    Vendor:          NVIDIA
    VRAM:            8006 MB
    App VRAM Budget: 7238 MB
    Driver:          32.0.15.9186
Initialize mono
Mono path[0] = 'C:/Program Files/Unity/Hub/Editor/6000.4.0f1/Editor/Data/Managed'
Mono path[1] = 'C:/Program Files/Unity/Hub/Editor/6000.4.0f1/Editor/Data/MonoBleedingEdge/lib/mono/unityjit-win32'
Mono config path = 'C:/Program Files/Unity/Hub/Editor/6000.4.0f1/Editor/Data/MonoBleedingEdge/etc'
Using monoOptions --debugger-agent=transport=dt_socket,embedding=1,server=y,suspend=n,address=127.0.0.1:56180
CodeReloadManager initialized
Begin MonoManager ReloadAssembly
[Licensing::Client] Error: HandshakeResponse reported an error:
	ResponseCode: 505
	ResponseStatus: Unsupported protocol version '1.18.1'.
[Licensing::Module] Error: Failed to handshake to channel: "LicenseClient-ethan"
[Licensing::IpcConnector] LicenseClient-ethan channel disconnected successfully.
[Licensing::IpcConnector] Successfully connected to: "LicenseClient-ethan-6000.4.0" at "2026-03-25T16:30:05.3710472Z"
Registering precompiled unity dll's ...
Register platform support module: C:/Program Files/Unity/Hub/Editor/6000.4.0f1/Editor/Data/PlaybackEngines/WindowsStandaloneSupport/UnityEditor.WindowsStandalone.Extensions.dll
Registered in 0.005750 seconds.
Native extension for WindowsStandalone target not found
Package Manager log level set to [2]
[Package Manager] Failed to launch server process. Reason: Unity was launched with the -noUpm command-line argument
[Package Manager] Unable to send message (not connected to server process).
[Package Manager] Cannot connect to Unity Package Manager local server
ScheduleIndexationOnStartup MainProcess:False IndexOnStartup:True
Mono: successfully reloaded assembly
- Finished resetting the current domain, in  1.271 seconds
Domain Reload Profiling: 2644ms
	BeginReloadAssembly (356ms)
	RebuildCommonClasses (141ms)
	RebuildNativeTypeToScriptingClass (31ms)
	initialDomainReloadingComplete (198ms)
	LoadAllAssembliesAndSetupDomain (643ms)
		LoadAssemblies (348ms)
		AnalyzeDomain (623ms)
			TypeCache.Refresh (620ms)
				TypeCache.ScanAssembly (581ms)
	FinalizeReload (1275ms)
		SetupLoadedEditorAssemblies (0ms)
			InitializePlatformSupportModulesInManaged (189ms)
			BeforeProcessingInitializeOnLoad (279ms)
			ProcessInitializeOnLoadAttributes (335ms)
			ProcessInitializeOnLoadMethodAttributes (246ms)
========================================================================
Worker process is ready to serve import requests
Import Worker Mode flag is 0x00
[Licensing::Client] Handshaking with LicensingClient:
  Version:                 1.18.1+9fbee8e
  Session Id:              6407773dd01f4cf79cc96b9c4ef49497
  Correlation Id:          4f2363a08f53dc426942d1e10862500f
  External correlation Id: 7959563501763102189
  Machine Id:              Awo1Cq5pBI6AnRETk1uUYPvUp90=
[Licensing::Module] Successfully connected to LicensingClient on channel: "LicenseClient-ethan-6000.4.0" (connect: 0.00s, validation: 0.00s, handshake: 3.12s)
[Licensing::IpcConnector] Successfully connected to: "LicenseClient-ethan-6000.4.0-notifications" at "2026-03-25T16:30:08.4917153Z"
[Licensing::Module] Licensing Background thread has ended after 5.78s
Begin MonoManager ReloadAssembly
[Licensing::Client] Successfully resolved entitlement details
[Licensing::Module] License group:
  Id: F4-KV8X-TKUC-USYB-PWQK-XXXX
  Product: Unity Personal
  Type: ULF
  Expiration: Unlimited
[Licensing::Module] License group:
  Id: 20066649128911-UnityPersXXXX
  Product: Unity Personal
  Type: Assigned
  Expiration: Unlimited
Assembly Assembly-CSharp-Editor-firstpass.dll at Library/ScriptAssemblies/Assembly-CSharp-Editor-firstpass.dll not valid. Loading of assembly skipped.
Assembly Assembly-CSharp-Editor.dll at Library/ScriptAssemblies/Assembly-CSharp-Editor.dll not valid. Loading of assembly skipped.
Assembly Assembly-CSharp-firstpass.dll at Library/ScriptAssemblies/Assembly-CSharp-firstpass.dll not valid. Loading of assembly skipped.
Assembly DocCodeExamples.dll at Library/ScriptAssemblies/DocCodeExamples.dll not valid. Loading of assembly skipped.
Assembly TestNewCustomAssembly.dll at Library/ScriptAssemblies/TestNewCustomAssembly.dll not valid. Loading of assembly skipped.
Assembly Unity.2D.Animation.EditorTests.dll at Library/ScriptAssemblies/Unity.2D.Animation.EditorTests.dll not valid. Loading of assembly skipped.
Assembly Unity.2D.Aseprite.EditorTests.dll at Library/ScriptAssemblies/Unity.2D.Aseprite.EditorTests.dll not valid. Loading of assembly skipped.
Assembly Unity.2D.Common.EditorTests.dll at Library/ScriptAssemblies/Unity.2D.Common.EditorTests.dll not valid. Loading of assembly skipped.
Assembly Unity.2D.PixelPerfect.Editor.Tests.dll at Library/ScriptAssemblies/Unity.2D.PixelPerfect.Editor.Tests.dll not valid. Loading of assembly skipped.
Assembly Unity.2D.Psdimporter.EditorTests.dll at Library/ScriptAssemblies/Unity.2D.Psdimporter.EditorTests.dll not valid. Loading of assembly skipped.
Assembly Unity.2D.Sprite.Package.EditorTests.dll at Library/ScriptAssemblies/Unity.2D.Sprite.Package.EditorTests.dll not valid. Loading of assembly skipped.
Assembly Unity.2D.SpriteShape.EditorTests.dll at Library/ScriptAssemblies/Unity.2D.SpriteShape.EditorTests.dll not valid. Loading of assembly skipped.
Assembly Unity.2D.Tilemap.Package.EditorTests.dll at Library/ScriptAssemblies/Unity.2D.Tilemap.Package.EditorTests.dll not valid. Loading of assembly skipped.
Assembly Unity.Collections.BurstCompatibilityGen.dll at Library/ScriptAssemblies/Unity.Collections.BurstCompatibilityGen.dll not valid. Loading of assembly skipped.
Assembly Unity.Collections.DocCodeSamples.dll at Library/ScriptAssemblies/Unity.Collections.DocCodeSamples.dll not valid. Loading of assembly skipped.
Assembly Unity.Collections.PerformanceTests.dll at Library/ScriptAssemblies/Unity.Collections.PerformanceTests.dll not valid. Loading of assembly skipped.
Assembly Unity.Collections.Tests.dll at Library/ScriptAssemblies/Unity.Collections.Tests.dll not valid. Loading of assembly skipped.
Assembly Unity.Collections.Tests.Playmode.dll at Library/ScriptAssemblies/Unity.Collections.Tests.Playmode.dll not valid. Loading of assembly skipped.
Assembly Unity.InputSystem.IntegrationTests.dll at Library/ScriptAssemblies/Unity.InputSystem.IntegrationTests.dll not valid. Loading of assembly skipped.
Assembly Unity.Mathematics.Tests.dll at Library/ScriptAssemblies/Unity.Mathematics.Tests.dll not valid. Loading of assembly skipped.
Assembly Unity.Multiplayer.Center.Editor.Tests.dll at Library/ScriptAssemblies/Unity.Multiplayer.Center.Editor.Tests.dll not valid. Loading of assembly skipped.
Assembly Unity.Multiplayer.Center.Tests.dll at Library/ScriptAssemblies/Unity.Multiplayer.Center.Tests.dll not valid. Loading of assembly skipped.
Assembly Unity.Nuget.Mono-Cecil.dll at Library/ScriptAssemblies/Unity.Nuget.Mono-Cecil.dll not valid. Loading of assembly skipped.
Assembly Unity.TextMeshPro.Editor.Tests.dll at Library/ScriptAssemblies/Unity.TextMeshPro.Editor.Tests.dll not valid. Loading of assembly skipped.
Assembly Unity.TextMeshPro.Tests.dll at Library/ScriptAssemblies/Unity.TextMeshPro.Tests.dll not valid. Loading of assembly skipped.
Assembly UnityEditor.UI.Common.Tests.dll at Library/ScriptAssemblies/UnityEditor.UI.Common.Tests.dll not valid. Loading of assembly skipped.
Assembly UnityEditor.UI.EditorTests.dll at Library/ScriptAssemblies/UnityEditor.UI.EditorTests.dll not valid. Loading of assembly skipped.
Assembly UnityEngine.UI.Tests.dll at Library/ScriptAssemblies/UnityEngine.UI.Tests.dll not valid. Loading of assembly skipped.
Refreshing native plugins compatible for Editor in 4.58 ms, found 4 plugins.
Native extension for WindowsStandalone target not found
[Package Manager] Failed to launch server process. Reason: Unity was launched with the -noUpm command-line argument
[Package Manager] Unable to send message (not connected to server process).
[Package Manager] Cannot connect to Unity Package Manager local server
[Package Manager] Failed to launch server process. Reason: Unity was launched with the -noUpm command-line argument
[Package Manager] Unable to send message (not connected to server process).
[Package Manager] Cannot connect to Unity Package Manager local server
ScheduleIndexationOnStartup MainProcess:False IndexOnStartup:True
Mono: successfully reloaded assembly
- Finished resetting the current domain, in  1.577 seconds
Domain Reload Profiling: 3595ms
	BeginReloadAssembly (478ms)
		DisableScriptedObjects (14ms)
		CreateAndSetChildDomain (74ms)
	RebuildCommonClasses (96ms)
	RebuildNativeTypeToScriptingClass (44ms)
	initialDomainReloadingComplete (205ms)
	LoadAllAssembliesAndSetupDomain (1194ms)
		LoadAssemblies (909ms)
		AnalyzeDomain (547ms)
			TypeCache.Refresh (385ms)
				TypeCache.ScanAssembly (358ms)
			BuildScriptInfoCaches (143ms)
			ResolveRequiredComponents (15ms)
	FinalizeReload (1578ms)
		SetupLoadedEditorAssemblies (0ms)
			InitializePlatformSupportModulesInManaged (3ms)
			BeforeProcessingInitializeOnLoad (375ms)
			ProcessInitializeOnLoadAttributes (687ms)
			ProcessInitializeOnLoadMethodAttributes (165ms)
			AfterProcessingInitializeOnLoad (14ms)
		AwakeInstancesAfterBackupRestoration (10ms)
Launched and connected shader compiler UnityShaderCompiler.exe after 0.04 seconds
Refreshing native plugins compatible for Editor in 4.98 ms, found 4 plugins.
Unloading 0 Unused Serialized files (Serialized files now loaded: 0)
Unloading 5024 unused Assets / (1.7 MB). Loaded Objects now: 5632.
Memory consumption went from 104.9 MB to 103.2 MB.
Total: 13.118600 ms (FindLiveObjects: 1.468000 ms CreateObjectMapping: 0.973400 ms MarkObjects: 7.862800 ms  DeleteObjects: 2.810300 ms)

========================================================================
Received Import Request.
  Time since last request: 421.149527 seconds.
  path: Assets/TextMesh Pro/Shaders/TMP_SDF.shader
  importAddress: Guid(68e6db2ebdc24f95958faec2be5558d6) Importer(2089858483,b0f066a214c2f5e87bad3c948f4d605d)
Start importing Assets/TextMesh Pro/Shaders/TMP_SDF.shader using Guid(68e6db2ebdc24f95958faec2be5558d6) Importer(2089858483,b0f066a214c2f5e87bad3c948f4d605d) (ScriptedImporter) -> (Import Result ID: '6e6d80abf6e679f7b50b763e3c6c6dc8') in 0.1410434 seconds [static and dynamic dependencies]. Details - ImportResultOutputID=aded6ce49b1194799de7c2210141cc50 DependenciesID=d9db5375602675c926a97c787abe8792 StaticDependenciesID=02f2f145754d21c99257be40712f4a63 
Number of updated asset objects reloaded before import = 0Number of asset objects unloaded after import = 1

========================================================================
Received Import Request.
  Time since last request: 0.000025 seconds.
  path: Assets/TextMesh Pro/Fonts/LiberationSans.ttf
  importAddress: Guid(e3265ab4bf004d28a9537516768c1c75) Importer(2089858483,b0f066a214c2f5e87bad3c948f4d605d)
Start importing Assets/TextMesh Pro/Fonts/LiberationSans.ttf using Guid(e3265ab4bf004d28a9537516768c1c75) Importer(2089858483,b0f066a214c2f5e87bad3c948f4d605d) (ScriptedImporter) -> (Import Result ID: '668e46ff5f95b518885b7deeaa0b84eb') in 0.0586629 seconds [static and dynamic dependencies]. Details - ImportResultOutputID=dbf0b2c6940ffd3df576a83216d5a6e4 DependenciesID=035077e396e9afcd1945c31a24a3728b StaticDependenciesID=8d7b10ba804405d2fb9a467f6d8c5b4f 
Number of updated asset objects reloaded before import = 0Number of asset objects unloaded after import = 3

========================================================================
Received Import Request.
  Time since last request: 0.000022 seconds.
  path: Assets/Sprites/upgrade_2.png
  importAddress: Guid(a2fec06e3cd9f174c8d308367c74127b) Importer(2089858483,b0f066a214c2f5e87bad3c948f4d605d)
Start importing Assets/Sprites/upgrade_2.png using Guid(a2fec06e3cd9f174c8d308367c74127b) Importer(2089858483,b0f066a214c2f5e87bad3c948f4d605d) (ScriptedImporter) -> (Import Result ID: 'c292417380b0118f9ecbe9bd8cf4935b') in 0.0809075 seconds [static and dynamic dependencies]. Details - ImportResultOutputID=ec574a82203e8cd9fefbbbbad4470a82 DependenciesID=b050d37f0534f5d6ce14d26679113636 StaticDependenciesID=49b8b5b0a55e35fa38794be497e70b16 
Number of updated asset objects reloaded before import = 0Number of asset objects unloaded after import = 3

========================================================================
Received Import Request.
  Time since last request: 0.000022 seconds.
  path: Assets/TextMesh Pro/Shaders/TMP_SDF-Surface.shader
  importAddress: Guid(f7ada0af4f174f0694ca6a487b8f543d) Importer(2089858483,b0f066a214c2f5e87bad3c948f4d605d)
Start importing Assets/TextMesh Pro/Shaders/TMP_SDF-Surface.shader using Guid(f7ada0af4f174f0694ca6a487b8f543d) Importer(2089858483,b0f066a214c2f5e87bad3c948f4d605d) (ScriptedImporter) -> (Import Result ID: '5bdacc78a813fa148ccb3c9a5e09f360') in 0.0059994 seconds [static and dynamic dependencies]. Details - ImportResultOutputID=cd5f9beac5096a56b11e8c0d67c49c5d DependenciesID=fdacfda39366ab1b6fa3f40c20a9a1c8 StaticDependenciesID=4be9fe2bc8c8a5e12a808b7d050f93d3 
Number of updated asset objects reloaded before import = 0Number of asset objects unloaded after import = 1

========================================================================
Received Import Request.
  Time since last request: 0.000138 seconds.
  path: Assets/Sprites/corner_up.png
  importAddress: Guid(48c5776703cfd7b4ea5a8fb232fd3256) Importer(2089858483,b0f066a214c2f5e87bad3c948f4d605d)
Start importing Assets/Sprites/corner_up.png using Guid(48c5776703cfd7b4ea5a8fb232fd3256) Importer(2089858483,b0f066a214c2f5e87bad3c948f4d605d) (ScriptedImporter) -> (Import Result ID: '21d04023ea10731f0118ce6baa3bb8bb') in 0.0141869 seconds [static and dynamic dependencies]. Details - ImportResultOutputID=2dbd64a50c0783675afa96f3d5c9b21d DependenciesID=9334a1ae4a4bff36bbc9da1800132294 StaticDependenciesID=2855fbeb60249d0c407db3aa5dbe40f2 
Number of updated asset objects reloaded before import = 0Number of asset objects unloaded after import = 3

========================================================================
Received Import Request.
  Time since last request: 0.000035 seconds.
  path: Assets/TextMesh Pro/Resources/Fonts & Materials/LiberationSans SDF.asset
  importAddress: Guid(8f586378b4e144a9851e7b34d9b748ee) Importer(2089858483,b0f066a214c2f5e87bad3c948f4d605d)
Start importing Assets/TextMesh Pro/Resources/Fonts & Materials/LiberationSans SDF.asset using Guid(8f586378b4e144a9851e7b34d9b748ee) Importer(2089858483,b0f066a214c2f5e87bad3c948f4d605d) (ScriptedImporter) -> (Import Result ID: 'f810dd1f69669d3f999368d61470a0b5') in 0.1100769 seconds [static and dynamic dependencies]. Details - ImportResultOutputID=56698b81c841a2e812e783158fee91cc DependenciesID=88ab90c127d66d0d7ee6c1f19c6a2fba StaticDependenciesID=f24aa01374016caa59713b859ae89089 
Number of updated asset objects reloaded before import = 0Number of asset objects unloaded after import = 8

========================================================================
Received Import Request.
  Time since last request: 0.000046 seconds.
  path: Assets/TextMesh Pro/Resources/Fonts & Materials/LiberationSans SDF - Outline.mat
  importAddress: Guid(79459efec17a4d00a321bdcc27bbc385) Importer(2089858483,b0f066a214c2f5e87bad3c948f4d605d)
Start importing Assets/TextMesh Pro/Resources/Fonts & Materials/LiberationSans SDF - Outline.mat using Guid(79459efec17a4d00a321bdcc27bbc385) Importer(2089858483,b0f066a214c2f5e87bad3c948f4d605d) (ScriptedImporter) -> (Import Result ID: 'd55c1a30e82b8a55c3ba5d3aa3c5e37a') in 0.0351875 seconds [static and dynamic dependencies]. Details - ImportResultOutputID=11b28c9f05d83623b8071bc90f1f1dfc DependenciesID=605ea2213ca3bb1f4d99fd6bc5e55f86 StaticDependenciesID=f2f0736f3a5db41089dc2de22e52e727 
Number of updated asset objects reloaded before import = 0Number of asset objects unloaded after import = 2

========================================================================
Received Import Request.
  Time since last request: 0.000024 seconds.
  path: Assets/Sprites/upgrade_3 .png
  importAddress: Guid(b6ef1bc7bec362e4bb3587c62b6c6144) Importer(2089858483,b0f066a214c2f5e87bad3c948f4d605d)
Start importing Assets/Sprites/upgrade_3 .png using Guid(b6ef1bc7bec362e4bb3587c62b6c6144) Importer(2089858483,b0f066a214c2f5e87bad3c948f4d605d) (ScriptedImporter) -> (Import Result ID: '532ef3f0acaef858fa4e23f2acbc7131') in 0.0139043 seconds [static and dynamic dependencies]. Details - ImportResultOutputID=32ce716b3a524b06cb8eb4bb3f22f83f DependenciesID=3f8d4ebcf7c262b3f299f79dedbbabf9 StaticDependenciesID=1c15aaa47a6bd99c01c00445c539cc11 
Number of updated asset objects reloaded before import = 0Number of asset objects unloaded after import = 3

========================================================================
Received Import Request.
  Time since last request: 0.000095 seconds.
  path: Assets/TextMesh Pro/Fonts/LiberationSans - OFL.txt
  importAddress: Guid(6e59c59b81ab47f9b6ec5781fa725d2c) Importer(2089858483,b0f066a214c2f5e87bad3c948f4d605d)
Start importing Assets/TextMesh Pro/Fonts/LiberationSans - OFL.txt using Guid(6e59c59b81ab47f9b6ec5781fa725d2c) Importer(2089858483,b0f066a214c2f5e87bad3c948f4d605d) (ScriptedImporter) -> (Import Result ID: 'bd23af23843bf634c9fa6fb5508a4cf5') in 0.0059608 seconds [static and dynamic dependencies]. Details - ImportResultOutputID=5898319a92e1c28fdd6271c331decb54 DependenciesID=6a2f663f61d50380090220a35058d61a StaticDependenciesID=7649750a4598ec734fc3c768683475c9 
Number of updated asset objects reloaded before import = 0Number of asset objects unloaded after import = 1

========================================================================
Received Import Request.
  Time since last request: 0.000115 seconds.
  path: Assets/Sprites/upgrade_4.png
  importAddress: Guid(13a829dc2e124204892994eae9ead8e8) Importer(2089858483,b0f066a214c2f5e87bad3c948f4d605d)
Start importing Assets/Sprites/upgrade_4.png using Guid(13a829dc2e124204892994eae9ead8e8) Importer(2089858483,b0f066a214c2f5e87bad3c948f4d605d) (ScriptedImporter) -> (Import Result ID: 'd6048e07e9dc581668b9a6fac2115f69') in 0.0161865 seconds [static and dynamic dependencies]. Details - ImportResultOutputID=9d4ab47b98ea946c91e557474febce19 DependenciesID=a64d3999f0839c0d5ca8283e27b2dca9 StaticDependenciesID=23497b41243b4a50bd499e71c1a0a753 
Number of updated asset objects reloaded before import = 0Number of asset objects unloaded after import = 3

========================================================================
Received Import Request.
  Time since last request: 0.000029 seconds.
  path: Assets/Sprites/star_level_1.png
  importAddress: Guid(d870100273a35ef409a00aac4d3be07c) Importer(2089858483,b0f066a214c2f5e87bad3c948f4d605d)
Start importing Assets/Sprites/star_level_1.png using Guid(d870100273a35ef409a00aac4d3be07c) Importer(2089858483,b0f066a214c2f5e87bad3c948f4d605d) (ScriptedImporter) -> (Import Result ID: 'fbbe419bc390e03ad8dfe83d91f62127') in 0.0147118 seconds [static and dynamic dependencies]. Details - ImportResultOutputID=e8e9bb90287c4bb1f5d01bbca52cb646 DependenciesID=44192935c89bea50cb26db304c95ceef StaticDependenciesID=b84f366f13680bed8b60116e47880cfe 
Number of updated asset objects reloaded before import = 0Number of asset objects unloaded after import = 3

========================================================================
Received Import Request.
  Time since last request: 0.000036 seconds.
  path: Assets/TextMesh Pro/Shaders/TMP_SDF-HDRP UNLIT.shadergraph
  importAddress: Guid(f63d574838ccfb44f84acc05fed0af48) Importer(2089858483,b0f066a214c2f5e87bad3c948f4d605d)
Start importing Assets/TextMesh Pro/Shaders/TMP_SDF-HDRP UNLIT.shadergraph using Guid(f63d574838ccfb44f84acc05fed0af48) Importer(2089858483,b0f066a214c2f5e87bad3c948f4d605d) (ScriptedImporter) -> (Import Result ID: 'a7cd5cbbd83ca476773508c654d068ce') in 0.00639 seconds [static and dynamic dependencies]. Details - ImportResultOutputID=e212b273a366ac37dc45cdcb986beb8b DependenciesID=5d80eade8f3ba71b3349bcc94ff3941a StaticDependenciesID=76664a18f50202a4e669f6b3997590d2 
Number of updated asset objects reloaded before import = 0Number of asset objects unloaded after import = 1

========================================================================
Received Import Request.
  Time since last request: 0.000131 seconds.
  path: Assets/TextMesh Pro/Shaders/TMP_SDF-Mobile Masking.shader
  importAddress: Guid(bc1ede39bf3643ee8e493720e4259791) Importer(2089858483,b0f066a214c2f5e87bad3c948f4d605d)
Start importing Assets/TextMesh Pro/Shaders/TMP_SDF-Mobile Masking.shader using Guid(bc1ede39bf3643ee8e493720e4259791) Importer(2089858483,b0f066a214c2f5e87bad3c948f4d605d) (ScriptedImporter) -> (Import Result ID: '6d4f3de82856506e6f43c3eb6b154897') in 0.006556 seconds [static and dynamic dependencies]. Details - ImportResultOutputID=ae0f0a5e581bc222140955917865fbf7 DependenciesID=9880e2cc8581c004e12a1775f90cb063 StaticDependenciesID=b2e4bad493ac3537cb302ac08a5c77f9 
Number of updated asset objects reloaded before import = 0Number of asset objects unloaded after import = 1

========================================================================
Received Import Request.
  Time since last request: 0.000060 seconds.
  path: Assets/Scenes/SampleScene.unity
  importAddress: Guid(2cda990e2423bbf4892e6590ba056729) Importer(2089858483,b0f066a214c2f5e87bad3c948f4d605d)
Start importing Assets/Scenes/SampleScene.unity using Guid(2cda990e2423bbf4892e6590ba056729) Importer(2089858483,b0f066a214c2f5e87bad3c948f4d605d) (ScriptedImporter) -> (Import Result ID: '0665af1ae615875a0743a292d23698a6') in 0.0104185 seconds [static and dynamic dependencies]. Details - ImportResultOutputID=1fc5195bc3984f0e45950cbf2f53c8f2 DependenciesID=561631c55f44eb6cd0c44dfe49a00f0f StaticDependenciesID=5277d91d8c19c1d5b93f5575c58aeb60 
Number of updated asset objects reloaded before import = 0Number of asset objects unloaded after import = 1

========================================================================
Received Import Request.
  Time since last request: 0.000051 seconds.
  path: Assets/anims/currency_sprite_0.controller
  importAddress: Guid(31aa4f13916424748b62b4e58e56cf0e) Importer(2089858483,b0f066a214c2f5e87bad3c948f4d605d)
Start importing Assets/anims/currency_sprite_0.controller using Guid(31aa4f13916424748b62b4e58e56cf0e) Importer(2089858483,b0f066a214c2f5e87bad3c948f4d605d) (ScriptedImporter) -> (Import Result ID: '08d5ab17387bd9c50d4048978d1ed2c5') in 0.024735 seconds [static and dynamic dependencies]. Details - ImportResultOutputID=99ed51ee75f125b87359efd72827456e DependenciesID=c3d05ddf054695ae1d3be8faa9890037 StaticDependenciesID=86f4c0ecd7dc4a2d26498ee28e371db7 
Number of updated asset objects reloaded before import = 0Number of asset objects unloaded after import = 17

========================================================================
Received Import Request.
  Time since last request: 0.000026 seconds.
  path: Assets/anims/New Animation.anim
  importAddress: Guid(88bd81d187a2bc8479bc8ca51e3c31e2) Importer(2089858483,b0f066a214c2f5e87bad3c948f4d605d)
Start importing Assets/anims/New Animation.anim using Guid(88bd81d187a2bc8479bc8ca51e3c31e2) Importer(2089858483,b0f066a214c2f5e87bad3c948f4d605d) (ScriptedImporter) -> (Import Result ID: 'e35e837128473e251f2dde74f0c2c497') in 0.0163602 seconds [static and dynamic dependencies]. Details - ImportResultOutputID=2beb84306e7252dccc926933ac937ffb DependenciesID=275f6a1ba7451e646d46f424bcf1ccde StaticDependenciesID=cd468e9fa466f3f9553f9c0a0ebbdca4 
Number of updated asset objects reloaded before import = 0Number of asset objects unloaded after import = 1

========================================================================
Received Import Request.
  Time since last request: 0.000026 seconds.
  path: Assets/TextMesh Pro/Shaders/TMP_SDF-Mobile-2-Pass.shader
  importAddress: Guid(0178fcb869bafef4690d177d31d17db8) Importer(2089858483,b0f066a214c2f5e87bad3c948f4d605d)
Start importing Assets/TextMesh Pro/Shaders/TMP_SDF-Mobile-2-Pass.shader using Guid(0178fcb869bafef4690d177d31d17db8) Importer(2089858483,b0f066a214c2f5e87bad3c948f4d605d) (ScriptedImporter) -> (Import Result ID: 'df100acf0c7e7123b70158a1d85a4555') in 0.00822 seconds [static and dynamic dependencies]. Details - ImportResultOutputID=e73819c0d2f281b40d2150858df1669a DependenciesID=d28afc64ffb5f426007afbfd9eaaa867 StaticDependenciesID=2936f04a1dd55b511cbbf5990c3e04da 
Number of updated asset objects reloaded before import = 0Number of asset objects unloaded after import = 1

========================================================================
Received Import Request.
  Time since last request: 0.000197 seconds.
  path: Assets/Sprites/3rd_bar.png
  importAddress: Guid(b46f5d861580a4e459b3a9d3f86714a2) Importer(2089858483,b0f066a214c2f5e87bad3c948f4d605d)
Start importing Assets/Sprites/3rd_bar.png using Guid(b46f5d861580a4e459b3a9d3f86714a2) Importer(2089858483,b0f066a214c2f5e87bad3c948f4d605d) (ScriptedImporter) -> (Import Result ID: 'fcf7ab16acd9fd34794e1d866143277d') in 0.02065 seconds [static and dynamic dependencies]. Details - ImportResultOutputID=b79d7d730b0b00b75214e3de3ad0d6b0 DependenciesID=05cd848d6a63997ee36010e50bc6cf39 StaticDependenciesID=59eed7670f37272f9127feed149ddd6a 
Number of updated asset objects reloaded before import = 0Number of asset objects unloaded after import = 3

========================================================================
Received Import Request.
  Time since last request: 0.000024 seconds.
  path: Assets/Sprites/upgrade_5.png
  importAddress: Guid(d3b95c66e5f599845a4b29c5462a0f77) Importer(2089858483,b0f066a214c2f5e87bad3c948f4d605d)
Start importing Assets/Sprites/upgrade_5.png using Guid(d3b95c66e5f599845a4b29c5462a0f77) Importer(2089858483,b0f066a214c2f5e87bad3c948f4d605d) (ScriptedImporter) -> (Import Result ID: '581e85de23f5a136f7be003cf2b9df17') in 0.0161838 seconds [static and dynamic dependencies]. Details - ImportResultOutputID=079b07cca08bee9bbf47d814214357ff DependenciesID=0fe229b57fe7184cb01ffe30024e551f StaticDependenciesID=b0bab443ce330651fec924db92f66e48 
Number of updated asset objects reloaded before import = 0Number of asset objects unloaded after import = 3

========================================================================
Received Import Request.
  Time since last request: 0.000025 seconds.
  path: Assets/TextMesh Pro/Shaders/TMP_SDF-Mobile SSD.shader
  importAddress: Guid(c8d12adcee749c344b8117cf7c7eb912) Importer(2089858483,b0f066a214c2f5e87bad3c948f4d605d)
Start importing Assets/TextMesh Pro/Shaders/TMP_SDF-Mobile SSD.shader using Guid(c8d12adcee749c344b8117cf7c7eb912) Importer(2089858483,b0f066a214c2f5e87bad3c948f4d605d) (ScriptedImporter) -> (Import Result ID: 'cb0309a8530741478558c73b882c5c04') in 0.0078908 seconds [static and dynamic dependencies]. Details - ImportResultOutputID=89d9fb8ea78d1ed11d84c23fcc4bac20 DependenciesID=a578f7175b39fdf13d460b2e1918207e StaticDependenciesID=149e413d0571861b315a3fb4601c570f 
Number of updated asset objects reloaded before import = 0Number of asset objects unloaded after import = 1

========================================================================
Received Import Request.
  Time since last request: 0.000104 seconds.
  path: Assets/Sprites/corner.png
  importAddress: Guid(1593fc4e38491ff4383bc1ba4f0f916a) Importer(2089858483,b0f066a214c2f5e87bad3c948f4d605d)
Start importing Assets/Sprites/corner.png using Guid(1593fc4e38491ff4383bc1ba4f0f916a) Importer(2089858483,b0f066a214c2f5e87bad3c948f4d605d) (ScriptedImporter) -> (Import Result ID: 'fc9229e1a02d6eac3c500a1a321e4fbc') in 0.0165447 seconds [static and dynamic dependencies]. Details - ImportResultOutputID=0aa1d5b2ccea217290eeee2988bd2fcb DependenciesID=3851ab02df1b4e17306fe9250320f543 StaticDependenciesID=902932f1bc169aee5bdd390d43a84d23 
Number of updated asset objects reloaded before import = 0Number of asset objects unloaded after import = 3

========================================================================
Received Import Request.
  Time since last request: 0.000105 seconds.
  path: Assets/_Recovery/0 (1).unity
  importAddress: Guid(82cb8dafee02b4642be0a381c6937142) Importer(2089858483,b0f066a214c2f5e87bad3c948f4d605d)
Start importing Assets/_Recovery/0 (1).unity using Guid(82cb8dafee02b4642be0a381c6937142) Importer(2089858483,b0f066a214c2f5e87bad3c948f4d605d) (ScriptedImporter) -> (Import Result ID: '7e606d57a887265c19fa7c258cefd4d5') in 0.010184 seconds [static and dynamic dependencies]. Details - ImportResultOutputID=423f53892f96d4f45b3d7005b084f555 DependenciesID=cdb6da4b41347e9ac85ff7aae8c885cd StaticDependenciesID=d05d1c677bb811c0621103fe4323566e 
Number of updated asset objects reloaded before import = 0Number of asset objects unloaded after import = 1

========================================================================
Received Import Request.
  Time since last request: 0.000088 seconds.
  path: Assets/TextMesh Pro/Shaders/TMP_SDF-HDRP LIT.shadergraph
  importAddress: Guid(ca2ed216f98028c4dae6c5224a952b3c) Importer(2089858483,b0f066a214c2f5e87bad3c948f4d605d)
Start importing Assets/TextMesh Pro/Shaders/TMP_SDF-HDRP LIT.shadergraph using Guid(ca2ed216f98028c4dae6c5224a952b3c) Importer(2089858483,b0f066a214c2f5e87bad3c948f4d605d) (ScriptedImporter) -> (Import Result ID: '506997e7d8ff8b50e55ce343d5ea6f66') in 0.0062271 seconds [static and dynamic dependencies]. Details - ImportResultOutputID=51a5f4c8624a2545edf9c03212e07e81 DependenciesID=76e12806a6065d62b500afd134e4cc95 StaticDependenciesID=d2e47b0202b7793cc774999f519fc45b 
Number of updated asset objects reloaded before import = 0Number of asset objects unloaded after import = 1

========================================================================
Received Import Request.
  Time since last request: 0.000148 seconds.
  path: Assets/Sprites/sides.png
  importAddress: Guid(571318fe3cd91d04c9008bca3bf331eb) Importer(2089858483,b0f066a214c2f5e87bad3c948f4d605d)
Start importing Assets/Sprites/sides.png using Guid(571318fe3cd91d04c9008bca3bf331eb) Importer(2089858483,b0f066a214c2f5e87bad3c948f4d605d) (ScriptedImporter) -> (Import Result ID: '810f3f24702667c53eafd5d3f636b3b0') in 0.0195557 seconds [static and dynamic dependencies]. Details - ImportResultOutputID=6fba5b820f41116306c5a1ab3d3fe2e6 DependenciesID=4f14e571e0bc021bb1240ee250ad24bd StaticDependenciesID=2178ceb3791fa0dc73d7b5a82b722ca8 
Number of updated asset objects reloaded before import = 0Number of asset objects unloaded after import = 3

========================================================================
Received Import Request.
  Time since last request: 0.000034 seconds.
  path: Assets/Sprites/start_bar.png
  importAddress: Guid(62c3ddaa31651c84f8a652345c506584) Importer(2089858483,b0f066a214c2f5e87bad3c948f4d605d)
Start importing Assets/Sprites/start_bar.png using Guid(62c3ddaa31651c84f8a652345c506584) Importer(2089858483,b0f066a214c2f5e87bad3c948f4d605d) (ScriptedImporter) -> (Import Result ID: '07f06fdbb1f0a32f28554509340b88a7') in 0.0160864 seconds [static and dynamic dependencies]. Details - ImportResultOutputID=256e8770c08ab756bfc2dbf288429d52 DependenciesID=6b1addf2f116b88be4b053f9c6af8a52 StaticDependenciesID=56dc76c42e4046c9d11af0cdae99d98a 
Number of updated asset objects reloaded before import = 0Number of asset objects unloaded after import = 3

========================================================================
Received Import Request.
  Time since last request: 0.000030 seconds.
  path: Assets/TextMesh Pro/Shaders/TMPro_Properties.cginc
  importAddress: Guid(3997e2241185407d80309a82f9148466) Importer(2089858483,b0f066a214c2f5e87bad3c948f4d605d)
Start importing Assets/TextMesh Pro/Shaders/TMPro_Properties.cginc using Guid(3997e2241185407d80309a82f9148466) Importer(2089858483,b0f066a214c2f5e87bad3c948f4d605d) (ScriptedImporter) -> (Import Result ID: '2a18b76f4cabef963659abf80b571255') in 0.0072098 seconds [static and dynamic dependencies]. Details - ImportResultOutputID=05ddb4fb961c968a44e9bd47586258ee DependenciesID=d8bf32c9fa39ab945d5c90b830d0ff41 StaticDependenciesID=ab070b6b75eb729a41727b84a827f49d 
Number of updated asset objects reloaded before import = 0Number of asset objects unloaded after import = 1

========================================================================
Received Import Request.
  Time since last request: 0.000191 seconds.
  path: Assets/Sprites/upgrade_1.png
  importAddress: Guid(f14a160d08713cc42bdb15addefc8bbd) Importer(2089858483,b0f066a214c2f5e87bad3c948f4d605d)
Start importing Assets/Sprites/upgrade_1.png using Guid(f14a160d08713cc42bdb15addefc8bbd) Importer(2089858483,b0f066a214c2f5e87bad3c948f4d605d) (ScriptedImporter) -> (Import Result ID: '7297860bc6de1e7bf325996d7a7e751f') in 0.014758 seconds [static and dynamic dependencies]. Details - ImportResultOutputID=e00d8793ab2112a6fe979b2e9f8df7ec DependenciesID=7c15ba891f5c7130bf0f559e531a4206 StaticDependenciesID=a5f1bc1cdebde2e1cfc3a7774ff60d50 
Number of updated asset objects reloaded before import = 0Number of asset objects unloaded after import = 3

========================================================================
Received Import Request.
  Time since last request: 0.000024 seconds.
  path: Assets/TextMesh Pro/Shaders/TMP_SDF-URP Lit.shadergraph
  importAddress: Guid(a3d800b099a06e0478fb790c5e79057a) Importer(2089858483,b0f066a214c2f5e87bad3c948f4d605d)
Start importing Assets/TextMesh Pro/Shaders/TMP_SDF-URP Lit.shadergraph using Guid(a3d800b099a06e0478fb790c5e79057a) Importer(2089858483,b0f066a214c2f5e87bad3c948f4d605d) (ScriptedImporter) -> (Import Result ID: '497a0305f5596c05af041c9f4bf867e9') in 0.0061609 seconds [static and dynamic dependencies]. Details - ImportResultOutputID=10dcf5837752c999546d4c8f5903d2d1 DependenciesID=eba4c844979062d470c739f308d4f02a StaticDependenciesID=862a4b64adc3cbc3af4bdbed03dcd58a 
Number of updated asset objects reloaded before import = 0Number of asset objects unloaded after import = 1

========================================================================
Received Import Request.
  Time since last request: 0.000046 seconds.
  path: Assets/TextMesh Pro/Shaders/TMP_SDF-Mobile Overlay.shader
  importAddress: Guid(a02a7d8c237544f1962732b55a9aebf1) Importer(2089858483,b0f066a214c2f5e87bad3c948f4d605d)
Start importing Assets/TextMesh Pro/Shaders/TMP_SDF-Mobile Overlay.shader using Guid(a02a7d8c237544f1962732b55a9aebf1) Importer(2089858483,b0f066a214c2f5e87bad3c948f4d605d) (ScriptedImporter) -> (Import Result ID: 'f07ba8f0f17e675dc080c7877c5e6f2f') in 0.0074574 seconds [static and dynamic dependencies]. Details - ImportResultOutputID=06eb9b2b5409b2708015f48ce68ca1e0 DependenciesID=dba8babbb889a01ab1b10b9516bbd1c6 StaticDependenciesID=0cd9ea97f68392fe6cbce5de52c408ad 
Number of updated asset objects reloaded before import = 0Number of asset objects unloaded after import = 1

========================================================================
Received Import Request.
  Time since last request: 0.000103 seconds.
  path: Assets/Sprites/end_bar.png
  importAddress: Guid(6109b45b6f47d5c4fa3869fa260cd76a) Importer(2089858483,b0f066a214c2f5e87bad3c948f4d605d)
Start importing Assets/Sprites/end_bar.png using Guid(6109b45b6f47d5c4fa3869fa260cd76a) Importer(2089858483,b0f066a214c2f5e87bad3c948f4d605d) (ScriptedImporter) -> (Import Result ID: '8dfdbe578ee182490d2dbe768ee9ed29') in 0.0149169 seconds [static and dynamic dependencies]. Details - ImportResultOutputID=4c0e2eb34b6ccc6dd6e9e82d1573c361 DependenciesID=c4d10a780e53f716004154ecc539aebd StaticDependenciesID=b3122d7cafe61851f7cf8459c9acbc3d 
Number of updated asset objects reloaded before import = 0Number of asset objects unloaded after import = 3

========================================================================
Received Import Request.
  Time since last request: 0.000028 seconds.
  path: Assets/Scripts/space_upgrades.cs
  importAddress: Guid(c7f558608a26bd448a2cbd059a67b965) Importer(2089858483,b0f066a214c2f5e87bad3c948f4d605d)
Start importing Assets/Scripts/space_upgrades.cs using Guid(c7f558608a26bd448a2cbd059a67b965) Importer(2089858483,b0f066a214c2f5e87bad3c948f4d605d) (ScriptedImporter) -> (Import Result ID: '383ed955dcff041a2dac8e28c1c8801b') in 0.0098137 seconds [static and dynamic dependencies]. Details - ImportResultOutputID=30d2640ea477724338a5daff43e8f57c DependenciesID=9a81b97de7bd0988daad23773d86e1c9 StaticDependenciesID=917b71c61667e71768abf2d146f0972e 
Number of updated asset objects reloaded before import = 0Number of asset objects unloaded after import = 0

========================================================================
Received Import Request.
  Time since last request: 0.000263 seconds.
  path: Assets/TextMesh Pro/Shaders/TMP_SDF-Surface-Mobile.shader
  importAddress: Guid(85187c2149c549c5b33f0cdb02836b17) Importer(2089858483,b0f066a214c2f5e87bad3c948f4d605d)
Start importing Assets/TextMesh Pro/Shaders/TMP_SDF-Surface-Mobile.shader using Guid(85187c2149c549c5b33f0cdb02836b17) Importer(2089858483,b0f066a214c2f5e87bad3c948f4d605d) (ScriptedImporter) -> (Import Result ID: '295c2dd79600dd26455521c5f8e241da') in 0.0107464 seconds [static and dynamic dependencies]. Details - ImportResultOutputID=44621fdc6dd7ffaadccd345e45305f43 DependenciesID=248168db15a96d3d5e50ec206ddaafc2 StaticDependenciesID=58c6b186186993a6af1eb808477416bb 
Number of updated asset objects reloaded before import = 0Number of asset objects unloaded after import = 1

========================================================================
Received Import Request.
  Time since last request: 0.000230 seconds.
  path: Assets/TextMesh Pro/Shaders/TMP_Bitmap-Custom-Atlas.shader
  importAddress: Guid(48bb5f55d8670e349b6e614913f9d910) Importer(2089858483,b0f066a214c2f5e87bad3c948f4d605d)
Start importing Assets/TextMesh Pro/Shaders/TMP_Bitmap-Custom-Atlas.shader using Guid(48bb5f55d8670e349b6e614913f9d910) Importer(2089858483,b0f066a214c2f5e87bad3c948f4d605d) (ScriptedImporter) -> (Import Result ID: '06622666254bccdf96b0c911bae2faf5') in 0.0062991 seconds [static and dynamic dependencies]. Details - ImportResultOutputID=6d95455a7bc5828fcf18e2be1c356d34 DependenciesID=ea59754a9a55508de2a44606447bd077 StaticDependenciesID=97e2617c6e2d061a39156ef7584ef903 
Number of updated asset objects reloaded before import = 0Number of asset objects unloaded after import = 1

========================================================================
Received Import Request.
  Time since last request: 0.000172 seconds.
  path: Assets/TextMesh Pro/Shaders/TMP_Bitmap-Mobile.shader
  importAddress: Guid(1e3b057af24249748ff873be7fafee47) Importer(2089858483,b0f066a214c2f5e87bad3c948f4d605d)
Start importing Assets/TextMesh Pro/Shaders/TMP_Bitmap-Mobile.shader using Guid(1e3b057af24249748ff873be7fafee47) Importer(2089858483,b0f066a214c2f5e87bad3c948f4d605d) (ScriptedImporter) -> (Import Result ID: 'dbe62f6076f8ff73633812807c12ac7c') in 0.0066786 seconds [static and dynamic dependencies]. Details - ImportResultOutputID=e754285a484a22f7860bf2977d711edb DependenciesID=bb78558fe1c79297f1713e000b39bc75 StaticDependenciesID=ba05bf65226584121c1346f54df493db 
Number of updated asset objects reloaded before import = 0Number of asset objects unloaded after import = 1

========================================================================
Received Import Request.
  Time since last request: 0.000203 seconds.
  path: Assets/InputSystem_Actions.inputactions
  importAddress: Guid(3590b91b4603b465dbb4216d601bff33) Importer(815301076,1909f56bfc062723c751e8b465ee728b)
Start importing Assets/InputSystem_Actions.inputactions using Guid(3590b91b4603b465dbb4216d601bff33) Importer(815301076,1909f56bfc062723c751e8b465ee728b) (PreviewImporter) -> (Import Result ID: 'e08f0d87ad6584fc48ed4afc9cb7b186') in 0.0357508 seconds [static and dynamic dependencies]. Details - ImportResultOutputID=6f136936896f937ca92e6bb93fd3a0c1 DependenciesID=22eaa3a0e99eaf4e9e6f8b4562bed7f7 StaticDependenciesID=5cea17fe2881984ea43a48056f1403de 
Number of updated asset objects reloaded before import = 0Number of asset objects unloaded after import = 19

========================================================================
Received Import Request.
  Time since last request: 0.000029 seconds.
  path: Assets/InputSystem_Actions.inputactions
  importAddress: Guid(3590b91b4603b465dbb4216d601bff33) Importer(2089858483,b0f066a214c2f5e87bad3c948f4d605d)
Start importing Assets/InputSystem_Actions.inputactions using Guid(3590b91b4603b465dbb4216d601bff33) Importer(2089858483,b0f066a214c2f5e87bad3c948f4d605d) (ScriptedImporter) -> (Import Result ID: 'f3eff9e86d245087a2448f3e2d08c2fb') in 0.2709931 seconds [static and dynamic dependencies]. Details - ImportResultOutputID=c5d83c8b205315655de30d6785eb4016 DependenciesID=2529d9a92dffae8c55e39311e5b5f835 StaticDependenciesID=5e64bda01aa867bff0bef955cb45f212 
Number of updated asset objects reloaded before import = 0Number of asset objects unloaded after import = 21

========================================================================
Received Import Request.
  Time since last request: 0.000040 seconds.
  path: Assets/Sprites/2nd_bar.png
  importAddress: Guid(ed61a8afebffb86488276438c1bbcd0e) Importer(2089858483,b0f066a214c2f5e87bad3c948f4d605d)
Start importing Assets/Sprites/2nd_bar.png using Guid(ed61a8afebffb86488276438c1bbcd0e) Importer(2089858483,b0f066a214c2f5e87bad3c948f4d605d) (ScriptedImporter) -> (Import Result ID: '81a4f9077bae646216cf5c96c68c4280') in 0.0203484 seconds [static and dynamic dependencies]. Details - ImportResultOutputID=2b28960ba16e5562d2e272deee72ac3f DependenciesID=c9f3db96d933033c021dd8680e6af62f StaticDependenciesID=70ad5201c78c91dbd64369d206313219 
Number of updated asset objects reloaded before import = 0Number of asset objects unloaded after import = 3

========================================================================
Received Import Request.
  Time since last request: 0.000040 seconds.
  path: Assets/TextMesh Pro/Shaders/TMP_SDF-Mobile.shader
  importAddress: Guid(fe393ace9b354375a9cb14cdbbc28be4) Importer(2089858483,b0f066a214c2f5e87bad3c948f4d605d)
Start importing Assets/TextMesh Pro/Shaders/TMP_SDF-Mobile.shader using Guid(fe393ace9b354375a9cb14cdbbc28be4) Importer(2089858483,b0f066a214c2f5e87bad3c948f4d605d) (ScriptedImporter) -> (Import Result ID: 'a4f13dea2856bc92e0f6d575b91d9038') in 0.0080554 seconds [static and dynamic dependencies]. Details - ImportResultOutputID=69487374deab334d9743c058406acdb6 DependenciesID=f825658a74829254c0f2c0629933d5bc StaticDependenciesID=fc7b77840337b8921620e800bb6e7ccb 
Number of updated asset objects reloaded before import = 0Number of asset objects unloaded after import = 1

========================================================================
Received Import Request.
  Time since last request: 0.000070 seconds.
  path: Assets/Sprites/upgrade_6.png
  importAddress: Guid(95adab8b89694624796e800a3dde7ad7) Importer(2089858483,b0f066a214c2f5e87bad3c948f4d605d)
Start importing Assets/Sprites/upgrade_6.png using Guid(95adab8b89694624796e800a3dde7ad7) Importer(2089858483,b0f066a214c2f5e87bad3c948f4d605d) (ScriptedImporter) -> (Import Result ID: 'ce6af99e1d44a53cb526499f2aa56bcb') in 0.0169802 seconds [static and dynamic dependencies]. Details - ImportResultOutputID=202e920ed931e3a0f46acac63bfe8e52 DependenciesID=84b0dbdc62c6cb4094020dea8bc9d4c2 StaticDependenciesID=ad295601bdae99affbc16c3dc93566a2 
Number of updated asset objects reloaded before import = 0Number of asset objects unloaded after import = 3

========================================================================
Received Import Request.
  Time since last request: 0.000130 seconds.
  path: Assets/_Recovery/0.unity
  importAddress: Guid(764e0e51717e4154bbdbe493e510837a) Importer(2089858483,b0f066a214c2f5e87bad3c948f4d605d)
Start importing Assets/_Recovery/0.unity using Guid(764e0e51717e4154bbdbe493e510837a) Importer(2089858483,b0f066a214c2f5e87bad3c948f4d605d) (ScriptedImporter) -> (Import Result ID: '06ebd5cad53c7891786667672df347f0') in 0.008279 seconds [static and dynamic dependencies]. Details - ImportResultOutputID=fbc258b2c6d967079c62652ec0f9d98c DependenciesID=7f98b282a3bb1d71e3145824b4659488 StaticDependenciesID=c11b6783067bf4fec4f6bdecbd50bc71 
Number of updated asset objects reloaded before import = 0Number of asset objects unloaded after import = 1

========================================================================
Received Import Request.
  Time since last request: 0.000070 seconds.
  path: Assets/TextMesh Pro/Shaders/TMP_Bitmap.shader
  importAddress: Guid(128e987d567d4e2c824d754223b3f3b0) Importer(2089858483,b0f066a214c2f5e87bad3c948f4d605d)
Start importing Assets/TextMesh Pro/Shaders/TMP_Bitmap.shader using Guid(128e987d567d4e2c824d754223b3f3b0) Importer(2089858483,b0f066a214c2f5e87bad3c948f4d605d) (ScriptedImporter) -> (Import Result ID: '39605bd60b3d8d14f583c0d45ff87ab6') in 0.0074342 seconds [static and dynamic dependencies]. Details - ImportResultOutputID=7d93b1a21f39dbaa27eac66bcfb57372 DependenciesID=7d77b5e9fe754698ef1729636c2edc2b StaticDependenciesID=54796b178d1ac5560e8bbc383702abfe 
Number of updated asset objects reloaded before import = 0Number of asset objects unloaded after import = 1

========================================================================
Received Import Request.
  Time since last request: 0.000126 seconds.
  path: Assets/TextMesh Pro/Resources/Fonts & Materials/LiberationSans SDF - Drop Shadow.mat
  importAddress: Guid(e73a58f6e2794ae7b1b7e50b7fb811b0) Importer(2089858483,b0f066a214c2f5e87bad3c948f4d605d)
Start importing Assets/TextMesh Pro/Resources/Fonts & Materials/LiberationSans SDF - Drop Shadow.mat using Guid(e73a58f6e2794ae7b1b7e50b7fb811b0) Importer(2089858483,b0f066a214c2f5e87bad3c948f4d605d) (ScriptedImporter) -> (Import Result ID: '9108e3a8a224ba520564e37e1bf9625b') in 0.0234124 seconds [static and dynamic dependencies]. Details - ImportResultOutputID=83b6c041e37077a6a41655cb6ec17af8 DependenciesID=a50d6a7860a8b6dbb37eef200024da51 StaticDependenciesID=88019135da2da4fcd85cec6acfa02a85 
Number of updated asset objects reloaded before import = 0Number of asset objects unloaded after import = 2

========================================================================
Received Import Request.
  Time since last request: 0.000023 seconds.
  path: Assets/TextMesh Pro/Shaders/TMP_SDF-URP Unlit.shadergraph
  importAddress: Guid(124c112a6e8f1a54e8b0870e881b56d8) Importer(2089858483,b0f066a214c2f5e87bad3c948f4d605d)
Start importing Assets/TextMesh Pro/Shaders/TMP_SDF-URP Unlit.shadergraph using Guid(124c112a6e8f1a54e8b0870e881b56d8) Importer(2089858483,b0f066a214c2f5e87bad3c948f4d605d) (ScriptedImporter) -> (Import Result ID: '0656835123552ceca25c2f3503570d35') in 0.0061469 seconds [static and dynamic dependencies]. Details - ImportResultOutputID=42299ea8053802f7740e59d008c1fd15 DependenciesID=afc5da04fdbbaec7384850431f6f9974 StaticDependenciesID=2e70c7206d9e4ef7fea767e8a8a682a4 
Number of updated asset objects reloaded before import = 0Number of asset objects unloaded after import = 1

========================================================================
Received Import Request.
  Time since last request: 0.000134 seconds.
  path: Assets/TextMesh Pro/Shaders/SDFFunctions.hlsl
  importAddress: Guid(96de908384869cd409c75efa351d5edf) Importer(2089858483,b0f066a214c2f5e87bad3c948f4d605d)
Start importing Assets/TextMesh Pro/Shaders/SDFFunctions.hlsl using Guid(96de908384869cd409c75efa351d5edf) Importer(2089858483,b0f066a214c2f5e87bad3c948f4d605d) (ScriptedImporter) -> (Import Result ID: '26d72d2446ec5a38f7d2f473a34b09db') in 0.0079813 seconds [static and dynamic dependencies]. Details - ImportResultOutputID=46f0e67579129d639f787ce799b8b689 DependenciesID=c5c47cfe28a26d40b5e6e41c3c22b780 StaticDependenciesID=3bff8146d83da5cd9352f71ee2ae9e2c 
Number of updated asset objects reloaded before import = 0Number of asset objects unloaded after import = 1

========================================================================
Received Import Request.
  Time since last request: 0.000153 seconds.
  path: Assets/Sprites/star_level_4.png
  importAddress: Guid(21bf8ddd88a3e8646bdbb31e84a80339) Importer(2089858483,b0f066a214c2f5e87bad3c948f4d605d)
Start importing Assets/Sprites/star_level_4.png using Guid(21bf8ddd88a3e8646bdbb31e84a80339) Importer(2089858483,b0f066a214c2f5e87bad3c948f4d605d) (ScriptedImporter) -> (Import Result ID: '7156637984290992636741ffc223571e') in 0.0144978 seconds [static and dynamic dependencies]. Details - ImportResultOutputID=c106258c86e812788b41a03428971381 DependenciesID=cc4dcadf63b1f6d36b9c097ea19346ed StaticDependenciesID=6f33f109140af11d9a168ce504c27d32 
Number of updated asset objects reloaded before import = 0Number of asset objects unloaded after import = 3

========================================================================
Received Import Request.
  Time since last request: 0.000123 seconds.
  path: Assets/Sprites/filler.png
  importAddress: Guid(7537d709e1c2bb045bbf3d5692754652) Importer(2089858483,b0f066a214c2f5e87bad3c948f4d605d)
Start importing Assets/Sprites/filler.png using Guid(7537d709e1c2bb045bbf3d5692754652) Importer(2089858483,b0f066a214c2f5e87bad3c948f4d605d) (ScriptedImporter) -> (Import Result ID: '2f0055ccdc0986d778642ef0f5f557c7') in 0.0157151 seconds [static and dynamic dependencies]. Details - ImportResultOutputID=faad550fbd9c0813ce41076d9501a405 DependenciesID=53fc6187832ca6fa9418f501048f5fd0 StaticDependenciesID=6ef1b134d9c4620bc4446ed1490317ef 
Number of updated asset objects reloaded before import = 0Number of asset objects unloaded after import = 3

========================================================================
Received Import Request.
  Time since last request: 0.000043 seconds.
  path: Assets/Scripts/GameManager.cs
  importAddress: Guid(d437d2572ca1fa04398236a212f8f0f1) Importer(2089858483,b0f066a214c2f5e87bad3c948f4d605d)
Start importing Assets/Scripts/GameManager.cs using Guid(d437d2572ca1fa04398236a212f8f0f1) Importer(2089858483,b0f066a214c2f5e87bad3c948f4d605d) (ScriptedImporter) -> (Import Result ID: 'e7e58b22154786069c8379f64ce68756') in 0.0058261 seconds [static and dynamic dependencies]. Details - ImportResultOutputID=4f0fe0664c5930fa3b0c8d9742e0897d DependenciesID=22838db67912accd0f7d699d97e4b479 StaticDependenciesID=ba38cb5be90f9d5ddd6e9a90f3788d8f 
Number of updated asset objects reloaded before import = 0Number of asset objects unloaded after import = 0

Editor requested this worker to shutdown with reason: Scaling down because of idle timeout
AssetImportWorker is now disconnected from the server
Process exiting
Exiting without the bug reporter. Application will terminate with return code 0